<?xml version="1.0" encoding="UTF-8"?>
<!-- Generated by org.testng.reporters.JUnitReportReporter -->
<testsuite hostname="DESKTOP-L4S2AS9" failures="0" tests="15" name="com.frankai.FrankTestClass" time="88.639" errors="0" timestamp="18 Sep 2018 14:04:20 GMT" skipped="0">
  <testcase classname="com.frankai.FrankTestClass" name="Test01_Verify_Frank_Title" time="0.017"/>
  <testcase classname="com.frankai.FrankTestClass" name="Test14_Fill_Fb_Ad_Form" time="13.860"/>
  <testcase classname="com.frankai.FrankTestClass" name="Test12_Click_Save_And_Continue2" time="5.151"/>
  <testcase classname="com.frankai.FrankTestClass" name="Test02_Perform_Signin" time="11.519"/>
  <testcase classname="com.frankai.FrankTestClass" name="Test04_Click_Create_Campaign" time="5.090"/>
  <testcase classname="com.frankai.FrankTestClass" name="Test05_Campaign_Setup_Step" time="8.889"/>
  <testcase classname="com.frankai.FrankTestClass" name="Test11_Upload_1000_Contacts_txt_or_csv" time="11.432"/>
  <testcase classname="com.frankai.FrankTestClass" name="Test07_Click_Save_And_Continue" time="2.182"/>
  <testcase classname="com.frankai.FrankTestClass" name="Test10_Select_Specific_Interest" time="11.954"/>
  <testcase classname="com.frankai.FrankTestClass" name="Test06_Select_Location" time="5.394"/>
  <testcase classname="com.frankai.FrankTestClass" name="Test03_Verify_Signin" time="0.146"/>
  <testcase classname="com.frankai.FrankTestClass" name="Test08_Select_Age_Group" time="2.110"/>
  <testcase classname="com.frankai.FrankTestClass" name="Test09_Select_Target_Language_Speakers" time="1.157"/>
  <testcase classname="com.frankai.FrankTestClass" name="Test13_Click_Create_Fb_Ad" time="1.159"/>
  <testcase classname="com.frankai.FrankTestClass" name="Test15_Upload_Banners" time="8.579"/>
</testsuite> <!-- com.frankai.FrankTestClass -->
