<?xml version="1.0" encoding="UTF-8"?>
<!-- Generated by org.testng.reporters.JUnitReportReporter -->
<testsuite hostname="DESKTOP-L4S2AS9" failures="0" tests="11" name="com.clappy.ClappyAdminTestClass" time="34.761" errors="0" timestamp="05 Sep 2018 11:37:46 GMT" skipped="0">
  <testcase classname="com.clappy.ClappyAdminTestClass" name="Test02_Click_Login_Button" time="6.501"/>
  <testcase classname="com.clappy.ClappyAdminTestClass" name="Test06_Verify_8_Admin_Management_Elements" time="1.803"/>
  <testcase classname="com.clappy.ClappyAdminTestClass" name="Test05_Verify_Redirection_To_Admin_Management" time="1.030"/>
  <testcase classname="com.clappy.ClappyAdminTestClass" name="Test11_Verify_Create_Admin_Success_Message" time="0.219"/>
  <testcase classname="com.clappy.ClappyAdminTestClass" name="Test08_Verify_Redirection_To_Create_Admin_Form" time="1.047"/>
  <testcase classname="com.clappy.ClappyAdminTestClass" name="Test01_Fill_Login_Credentials" time="7.436"/>
  <testcase classname="com.clappy.ClappyAdminTestClass" name="Test10_Click_Create_Admin" time="5.996"/>
  <testcase classname="com.clappy.ClappyAdminTestClass" name="Test04_Redirect_To_Admin_Management" time="4.218"/>
  <testcase classname="com.clappy.ClappyAdminTestClass" name="Test07_Create_New_Admin" time="3.874"/>
  <testcase classname="com.clappy.ClappyAdminTestClass" name="Test09_Fill_Create_Admin_Form" time="1.599"/>
  <testcase classname="com.clappy.ClappyAdminTestClass" name="Test03_Verify_Login" time="1.038"/>
</testsuite> <!-- com.clappy.ClappyAdminTestClass -->
