<?xml version="1.0" encoding="UTF-8"?>
<!-- Generated by org.testng.reporters.JUnitReportReporter -->
<testsuite hostname="DESKTOP-L4S2AS9" failures="0" tests="11" name="com.clappy.ClappyTestClass" time="34.587" errors="0" timestamp="05 Sep 2018 11:35:49 GMT" skipped="0">
  <testcase classname="com.clappy.ClappyTestClass" name="Test04_Redirect_To_Admin_Management" time="3.778"/>
  <testcase classname="com.clappy.ClappyTestClass" name="Test06_Verify_8_Admin_Management_Elements" time="1.933"/>
  <testcase classname="com.clappy.ClappyTestClass" name="Test08_Verify_Redirection_To_Create_Admin_Form" time="1.030"/>
  <testcase classname="com.clappy.ClappyTestClass" name="Test11_Verify_Create_Admin_Success_Message" time="0.265"/>
  <testcase classname="com.clappy.ClappyTestClass" name="Test02_Click_Login_Button" time="6.488"/>
  <testcase classname="com.clappy.ClappyTestClass" name="Test03_Verify_Login" time="1.034"/>
  <testcase classname="com.clappy.ClappyTestClass" name="Test05_Verify_Redirection_To_Admin_Management" time="1.038"/>
  <testcase classname="com.clappy.ClappyTestClass" name="Test01_Fill_Login_Credentials" time="7.425"/>
  <testcase classname="com.clappy.ClappyTestClass" name="Test07_Create_New_Admin" time="3.827"/>
  <testcase classname="com.clappy.ClappyTestClass" name="Test09_Fill_Create_Admin_Form" time="1.660"/>
  <testcase classname="com.clappy.ClappyTestClass" name="Test10_Click_Create_Admin" time="6.109"/>
</testsuite> <!-- com.clappy.ClappyTestClass -->
