<?xml version="1.0" encoding="UTF-8"?>
<!-- Generated by org.testng.reporters.JUnitReportReporter -->
<testsuite hostname="DESKTOP-L4S2AS9" failures="0" tests="3" name="com.codebase.ClappyTestClass" time="8.333" errors="0" timestamp="04 Sep 2018 09:41:07 GMT" skipped="0">
  <testcase classname="com.codebase.ClappyTestClass" name="Test01_Fill_Login_Credentials" time="2.270"/>
  <testcase classname="com.codebase.ClappyTestClass" name="Test02_Click_Login_Button" time="6.063"/>
  <testcase classname="com.codebase.ClappyTestClass" name="Test03_Verify_Login" time="0.000"/>
</testsuite> <!-- com.codebase.ClappyTestClass -->
