<?xml version="1.0" encoding="UTF-8"?>
<!-- Generated by org.testng.reporters.JUnitReportReporter -->
<testsuite hostname="DESKTOP-L4S2AS9" failures="0" tests="23" name="com.clappy.ClappyAdminTestClass" time="53.766" errors="0" timestamp="13 Sep 2018 10:15:45 GMT" skipped="0">
  <testcase classname="com.clappy.ClappyAdminTestClass" name="Test07_Create_New_Admin" time="3.405"/>
  <testcase classname="com.clappy.ClappyAdminTestClass" name="Test04_Redirect_To_Admin_Management" time="3.293"/>
  <testcase classname="com.clappy.ClappyAdminTestClass" name="Test03_Verify_Login" time="1.025"/>
  <testcase classname="com.clappy.ClappyAdminTestClass" name="Test01_Fill_Login_Credentials" time="7.358"/>
  <testcase classname="com.clappy.ClappyAdminTestClass" name="Test20_Redirect_To_Client_Management" time="2.403"/>
  <testcase classname="com.clappy.ClappyAdminTestClass" name="Test22_Verify_3_Modules_Management_Elements" time="0.239"/>
  <testcase classname="com.clappy.ClappyAdminTestClass" name="Test17_Fill_Create_Client_Form" time="1.477"/>
  <testcase classname="com.clappy.ClappyAdminTestClass" name="Test18_Click_Create_Client" time="7.397"/>
  <testcase classname="com.clappy.ClappyAdminTestClass" name="Test08_Verify_Redirection_To_Create_Admin_Form" time="1.016"/>
  <testcase classname="com.clappy.ClappyAdminTestClass" name="Test02_Click_Login_Button" time="6.464"/>
  <testcase classname="com.clappy.ClappyAdminTestClass" name="Test06_Verify_8_Admin_Management_Elements" time="0.686"/>
  <testcase classname="com.clappy.ClappyAdminTestClass" name="Test10_Click_Create_Admin" time="5.947"/>
  <testcase classname="com.clappy.ClappyAdminTestClass" name="Test16_Verify_Redirection_To_Create_Client_Form" time="1.018"/>
  <testcase classname="com.clappy.ClappyAdminTestClass" name="Test12_Redirect_To_Client_Management" time="2.659"/>
  <testcase classname="com.clappy.ClappyAdminTestClass" name="Test15_Create_New_Client" time="3.397"/>
  <testcase classname="com.clappy.ClappyAdminTestClass" name="Test09_Fill_Create_Admin_Form" time="1.462"/>
  <testcase classname="com.clappy.ClappyAdminTestClass" name="Test11_Verify_Create_Admin_Success_Message" time="0.116"/>
  <testcase classname="com.clappy.ClappyAdminTestClass" name="Test23_Verify_6_Modules_Management_Modules" time="0.435"/>
  <testcase classname="com.clappy.ClappyAdminTestClass" name="Test13_Verify_Redirection_To_Client_Management" time="1.023"/>
  <testcase classname="com.clappy.ClappyAdminTestClass" name="Test05_Verify_Redirection_To_Admin_Management" time="1.028"/>
  <testcase classname="com.clappy.ClappyAdminTestClass" name="Test14_Verify_10_Client_Management_Elements" time="0.788"/>
  <testcase classname="com.clappy.ClappyAdminTestClass" name="Test19_Verify_Create_Client_Success_Message" time="0.114"/>
  <testcase classname="com.clappy.ClappyAdminTestClass" name="Test21_Verify_Redirection_To_Modules_Management" time="1.016"/>
</testsuite> <!-- com.clappy.ClappyAdminTestClass -->
